<?xml version="1.0" encoding="UTF-8"?>
<coverage generated="1539042467398" clover="3.2.0">
  <project timestamp="1539042467399" name="All files">
    <metrics statements="8" coveredstatements="7" conditionals="2" coveredconditionals="2" methods="2" coveredmethods="1" elements="12" coveredelements="10" complexity="0" loc="8" ncloc="8" packages="1" files="1" classes="1">
      <file name="index.js" path="/home/vagrant/projects/node/index.js">
        <metrics statements="8" coveredstatements="7" conditionals="2" coveredconditionals="2" methods="2" coveredmethods="1"/>
        <line num="2" count="1" type="stmt"/>
        <line num="4" count="1" type="stmt"/>
        <line num="6" count="1" type="stmt"/>
        <line num="7" count="1" type="stmt"/>
        <line num="10" count="1" type="stmt"/>
        <line num="11" count="0" type="stmt"/>
        <line num="17" count="1" type="cond" truecount="2" falsecount="0"/>
        <line num="19" count="1" type="stmt"/>
      </file>
    </metrics>
  </project>
</coverage>
